Build started 2013-05-07 16:01:07.
     1>Project "C:\Users\user\Documents\github\passwd\Passwd\Passwd\Passwd.vcxproj" on node 2 (Build target(s)).
     1>Link:
         D:\VisualStudio\VC\bin\link.exe /ERRORREPORT:PROMPT /OUT:"C:\Users\user\Documents\github\passwd\Passwd\Debug\Passwd.exe" /INCREMENTAL /NOLOGO /LIBPATH:"C:\Users\Mateusz\Desktop\Nowy folder\passwd\Passwd\Passwd" kernel32.lib user32.lib gdi32.lib winspool.lib comdlg32.lib advapi32.lib shell32.lib ole32.lib oleaut32.lib uuid.lib odbc32.lib odbccp32.lib /MANIFEST /MANIFESTUAC:"level='asInvoker' uiAccess='false'" /manifest:embed /DEBUG /PDB:"C:\Users\user\Documents\github\passwd\Passwd\Debug\Passwd.pdb" /TLBID:1 /DYNAMICBASE /NXCOMPAT /IMPLIB:"C:\Users\user\Documents\github\passwd\Passwd\Debug\Passwd.lib" /MACHINE:X86 Debug\Modul.obj
     1>LINK : fatal error LNK1561: entry point must be defined
     1>Done Building Project "C:\Users\user\Documents\github\passwd\Passwd\Passwd\Passwd.vcxproj" (Build target(s)) -- FAILED.

Build FAILED.

Time Elapsed 00:00:00.60
